2019-12-12 08:59:27.318+0000 [id=26]	INFO	jenkins.InitReactorRunner$1#onAttained: Prepared all plugins
2019-12-12 08:59:27.966+0000 [id=27]	INFO	jenkins.InitReactorRunner$1#onAttained: Started all plugins
2019-12-12 08:59:30.947+0000 [id=27]	INFO	jenkins.InitReactorRunner$1#onAttained: Augmented all extensions
2019-12-12 08:59:31.217+0000 [id=27]	INFO	hudson.slaves.SlaveComputer#tryReconnect: Attempting to reconnect test
2019-12-12 08:59:33.079+0000 [id=26]	INFO	jenkins.InitReactorRunner$1#onAttained: Loaded all jobs
2019-12-12 08:59:33.118+0000 [id=27]	INFO	c.c.j.p.a.CloudBeesAssurance#checkInstalledExtension: Checking the validity of the Plugin Catalog
2019-12-12 08:59:33.123+0000 [id=27]	INFO	c.c.j.p.a.CloudBeesAssurance#checkInstalledExtension: No Plugin Catalog installed
2019-12-12 08:59:33.149+0000 [id=49]	INFO	c.c.j.p.a.m.UpdateSiteDataProvider$Value#get: Beekeeper is parsing UpdateSite jenkins-enterprise
2019-12-12 08:59:41.496+0000 [id=58]	INFO	c.c.j.p.l.n.CloudBeesUpdateSite#updateData: Obtained the latest update center data file for UpdateSource cloudbees-jenkins-distribution-offline
2019-12-12 08:59:41.512+0000 [id=59]	INFO	hudson.model.AsyncPeriodicWork$1#run: Started Download metadata
2019-12-12 08:59:41.539+0000 [id=59]	INFO	hudson.util.Retrier#start: Attempt #1 to do the action check updates server
2019-12-12 08:59:41.864+0000 [id=59]	INFO	c.c.j.p.l.n.CloudBeesUpdateSite#updateData: Obtained the latest update center data file for UpdateSource cloudbees-jenkins-distribution-offline
2019-12-12 08:59:42.162+0000 [id=26]	INFO	o.s.c.s.AbstractApplicationContext#prepareRefresh: Refreshing org.springframework.web.context.support.StaticWebApplicationContext@4baeb281: display name [Root WebApplicationContext]; startup date [Thu Dec 12 08:59:42 UTC 2019]; root of context hierarchy
2019-12-12 08:59:42.189+0000 [id=26]	INFO	o.s.c.s.AbstractApplicationContext#obtainFreshBeanFactory: Bean factory for application context [org.springframework.web.context.support.StaticWebApplicationContext@4baeb281]: org.springframework.beans.factory.support.DefaultListableBeanFactory@78d8b6dd
2019-12-12 08:59:42.304+0000 [id=26]	INFO	o.s.b.f.s.DefaultListableBeanFactory#preInstantiateSingletons: Pre-instantiating singletons in org.springframework.beans.factory.support.DefaultListableBeanFactory@78d8b6dd: defining beans [authenticationManager]; root of factory hierarchy
2019-12-12 08:59:43.139+0000 [id=26]	INFO	o.s.c.s.AbstractApplicationContext#prepareRefresh: Refreshing org.springframework.web.context.support.StaticWebApplicationContext@63e33e6b: display name [Root WebApplicationContext]; startup date [Thu Dec 12 08:59:43 UTC 2019]; root of context hierarchy
2019-12-12 08:59:43.139+0000 [id=26]	INFO	o.s.c.s.AbstractApplicationContext#obtainFreshBeanFactory: Bean factory for application context [org.springframework.web.context.support.StaticWebApplicationContext@63e33e6b]: org.springframework.beans.factory.support.DefaultListableBeanFactory@61be62d9
2019-12-12 08:59:43.140+0000 [id=26]	INFO	o.s.b.f.s.DefaultListableBeanFactory#preInstantiateSingletons: Pre-instantiating singletons in org.springframework.beans.factory.support.DefaultListableBeanFactory@61be62d9: defining beans [filter,legacy]; root of factory hierarchy
2019-12-12 08:59:49.437+0000 [id=49]	INFO	c.c.j.p.a.m.UpdateSiteDataProvider$Value#get: Beekeeper is parsing UpdateSite cloudbees-jenkins-distribution-offline
2019-12-12 08:59:49.437+0000 [id=49]	INFO	c.c.j.p.a.m.UpdateSiteDataProvider$Value#get: Beekeeper is parsing UpdateSite cap-cloudbees-jenkins-distribution
2019-12-12 08:59:52.481+0000 [id=26]	INFO	jenkins.InitReactorRunner$1#onAttained: Completed initialization
2019-12-12 08:59:52.727+0000 [id=59]	INFO	c.c.j.p.l.n.CloudBeesUpdateSite#updateData: Obtained the latest update center data file for UpdateSource cap-cloudbees-jenkins-distribution
2019-12-12 08:59:52.993+0000 [id=58]	INFO	c.c.j.p.l.n.CloudBeesUpdateSite#updateData: Obtained the latest update center data file for UpdateSource cap-cloudbees-jenkins-distribution
2019-12-12 08:59:53.136+0000 [id=20]	INFO	hudson.WebAppMain$3#run: Jenkins is fully up and running
2019-12-12 08:59:54.061+0000 [id=59]	INFO	h.m.DownloadService$Downloadable#load: Obtained the updated data file for hudson.tasks.Maven.MavenInstaller
2019-12-12 08:59:54.063+0000 [id=58]	INFO	h.m.DownloadService$Downloadable#load: Obtained the updated data file for hudson.tasks.Maven.MavenInstaller
2019-12-12 08:59:54.245+0000 [id=59]	INFO	h.m.DownloadService$Downloadable#load: Obtained the updated data file for hudson.plugins.gradle.GradleInstaller
2019-12-12 08:59:54.293+0000 [id=58]	INFO	h.m.DownloadService$Downloadable#load: Obtained the updated data file for hudson.plugins.gradle.GradleInstaller
2019-12-12 08:59:55.712+0000 [id=58]	INFO	h.m.DownloadService$Downloadable#load: Obtained the updated data file for hudson.tools.JDKInstaller
2019-12-12 08:59:55.735+0000 [id=59]	INFO	h.m.DownloadService$Downloadable#load: Obtained the updated data file for hudson.tools.JDKInstaller
2019-12-12 08:59:55.735+0000 [id=59]	INFO	hudson.util.Retrier#start: Performed the action check updates server successfully at the attempt #1
2019-12-12 08:59:55.750+0000 [id=59]	INFO	hudson.model.AsyncPeriodicWork$1#run: Finished Download metadata. 14,238 ms
2019-12-12 09:00:00.886+0000 [id=90]	INFO	o.internal.platform.Platform#log: ALPN callback dropped: HTTP/2 is disabled. Is alpn-boot on the boot class path?
2019-12-12 09:02:43.000+0000 [id=105]	WARNING	c.c.j.s.i.c.TcpSlaveAgentListenerMonitor#containsIP: It is not possible to resolve the hostname rsssrs546 check your DNS settings
2019-12-12 09:05:53.796+0000 [id=36]	INFO	hudson.slaves.SlaveComputer#tryReconnect: Attempting to reconnect test
2019-12-12 09:06:03.660+0000 [id=15]	WARNING	c.c.j.s.i.c.TcpSlaveAgentListenerMonitor#containsIP: It is not possible to resolve the hostname rsssrs546 check your DNS settings
2019-12-12 09:06:03.664+0000 [id=15]	WARNING	c.c.j.s.i.c.TcpSlaveAgentListenerMonitor#containsIP: It is not possible to resolve the hostname rsssrs546 check your DNS settings
2019-12-12 09:06:03.665+0000 [id=15]	WARNING	c.c.j.s.i.c.TcpSlaveAgentListenerMonitor#containsIP: It is not possible to resolve the hostname rsssrs546 check your DNS settings
2019-12-12 09:06:03.666+0000 [id=15]	WARNING	c.c.j.s.i.c.TcpSlaveAgentListenerMonitor#containsIP: It is not possible to resolve the hostname rsssrs546 check your DNS settings
2019-12-12 09:06:12.353+0000 [id=133]	WARNING	c.c.j.s.i.c.TcpSlaveAgentListenerMonitor#containsIP: It is not possible to resolve the hostname rsssrs546 check your DNS settings
2019-12-12 09:06:12.354+0000 [id=133]	WARNING	c.c.j.s.i.c.TcpSlaveAgentListenerMonitor#containsIP: It is not possible to resolve the hostname rsssrs546 check your DNS settings
2019-12-12 09:06:12.355+0000 [id=133]	WARNING	c.c.j.s.i.c.TcpSlaveAgentListenerMonitor#containsIP: It is not possible to resolve the hostname rsssrs546 check your DNS settings
2019-12-12 09:06:12.355+0000 [id=133]	WARNING	c.c.j.s.i.c.TcpSlaveAgentListenerMonitor#containsIP: It is not possible to resolve the hostname rsssrs546 check your DNS settings
2019-12-12 09:06:16.612+0000 [id=16]	WARNING	c.c.j.s.i.c.TcpSlaveAgentListenerMonitor#containsIP: It is not possible to resolve the hostname rsssrs546 check your DNS settings
2019-12-12 09:06:16.613+0000 [id=16]	WARNING	c.c.j.s.i.c.TcpSlaveAgentListenerMonitor#containsIP: It is not possible to resolve the hostname rsssrs546 check your DNS settings
2019-12-12 09:06:16.616+0000 [id=16]	WARNING	c.c.j.s.i.c.TcpSlaveAgentListenerMonitor#containsIP: It is not possible to resolve the hostname rsssrs546 check your DNS settings
2019-12-12 09:06:16.617+0000 [id=16]	WARNING	c.c.j.s.i.c.TcpSlaveAgentListenerMonitor#containsIP: It is not possible to resolve the hostname rsssrs546 check your DNS settings
2019-12-12 09:06:18.800+0000 [id=13]	WARNING	c.c.j.s.i.c.TcpSlaveAgentListenerMonitor#containsIP: It is not possible to resolve the hostname rsssrs546 check your DNS settings
2019-12-12 09:06:18.801+0000 [id=13]	WARNING	c.c.j.s.i.c.TcpSlaveAgentListenerMonitor#containsIP: It is not possible to resolve the hostname rsssrs546 check your DNS settings
2019-12-12 09:06:18.801+0000 [id=13]	WARNING	c.c.j.s.i.c.TcpSlaveAgentListenerMonitor#containsIP: It is not possible to resolve the hostname rsssrs546 check your DNS settings
2019-12-12 09:06:18.802+0000 [id=13]	WARNING	c.c.j.s.i.c.TcpSlaveAgentListenerMonitor#containsIP: It is not possible to resolve the hostname rsssrs546 check your DNS settings
2019-12-12 09:06:25.499+0000 [id=10]	WARNING	c.c.j.s.i.c.TcpSlaveAgentListenerMonitor#containsIP: It is not possible to resolve the hostname rsssrs546 check your DNS settings
2019-12-12 09:06:25.500+0000 [id=10]	WARNING	c.c.j.s.i.c.TcpSlaveAgentListenerMonitor#containsIP: It is not possible to resolve the hostname rsssrs546 check your DNS settings
2019-12-12 09:06:25.501+0000 [id=10]	WARNING	c.c.j.s.i.c.TcpSlaveAgentListenerMonitor#containsIP: It is not possible to resolve the hostname rsssrs546 check your DNS settings
2019-12-12 09:06:25.502+0000 [id=10]	WARNING	c.c.j.s.i.c.TcpSlaveAgentListenerMonitor#containsIP: It is not possible to resolve the hostname rsssrs546 check your DNS settings
2019-12-12 09:06:29.065+0000 [id=13]	WARNING	c.c.j.s.i.c.TcpSlaveAgentListenerMonitor#containsIP: It is not possible to resolve the hostname rsssrs546 check your DNS settings
2019-12-12 09:06:29.066+0000 [id=13]	WARNING	c.c.j.s.i.c.TcpSlaveAgentListenerMonitor#containsIP: It is not possible to resolve the hostname rsssrs546 check your DNS settings
2019-12-12 09:06:29.067+0000 [id=13]	WARNING	c.c.j.s.i.c.TcpSlaveAgentListenerMonitor#containsIP: It is not possible to resolve the hostname rsssrs546 check your DNS settings
2019-12-12 09:06:29.068+0000 [id=13]	WARNING	c.c.j.s.i.c.TcpSlaveAgentListenerMonitor#containsIP: It is not possible to resolve the hostname rsssrs546 check your DNS settings
2019-12-12 09:06:37.280+0000 [id=13]	WARNING	c.c.j.s.i.c.TcpSlaveAgentListenerMonitor#containsIP: It is not possible to resolve the hostname rsssrs546 check your DNS settings
2019-12-12 09:06:37.281+0000 [id=13]	WARNING	c.c.j.s.i.c.TcpSlaveAgentListenerMonitor#containsIP: It is not possible to resolve the hostname rsssrs546 check your DNS settings
2019-12-12 09:06:37.282+0000 [id=13]	WARNING	c.c.j.s.i.c.TcpSlaveAgentListenerMonitor#containsIP: It is not possible to resolve the hostname rsssrs546 check your DNS settings
2019-12-12 09:06:37.282+0000 [id=13]	WARNING	c.c.j.s.i.c.TcpSlaveAgentListenerMonitor#containsIP: It is not possible to resolve the hostname rsssrs546 check your DNS settings
2019-12-12 09:06:51.145+0000 [id=10]	WARNING	c.c.j.s.i.c.TcpSlaveAgentListenerMonitor#containsIP: It is not possible to resolve the hostname rsssrs546 check your DNS settings
2019-12-12 09:06:51.146+0000 [id=10]	WARNING	c.c.j.s.i.c.TcpSlaveAgentListenerMonitor#containsIP: It is not possible to resolve the hostname rsssrs546 check your DNS settings
2019-12-12 09:06:51.147+0000 [id=10]	WARNING	c.c.j.s.i.c.TcpSlaveAgentListenerMonitor#containsIP: It is not possible to resolve the hostname rsssrs546 check your DNS settings
2019-12-12 09:06:51.148+0000 [id=10]	WARNING	c.c.j.s.i.c.TcpSlaveAgentListenerMonitor#containsIP: It is not possible to resolve the hostname rsssrs546 check your DNS settings
2019-12-12 09:06:54.665+0000 [id=17]	WARNING	c.c.j.s.i.c.TcpSlaveAgentListenerMonitor#containsIP: It is not possible to resolve the hostname rsssrs546 check your DNS settings
2019-12-12 09:07:07.213+0000 [id=16]	WARNING	c.c.j.s.i.c.TcpSlaveAgentListenerMonitor#containsIP: It is not possible to resolve the hostname rsssrs546 check your DNS settings
2019-12-12 09:07:07.214+0000 [id=16]	WARNING	c.c.j.s.i.c.TcpSlaveAgentListenerMonitor#containsIP: It is not possible to resolve the hostname rsssrs546 check your DNS settings
2019-12-12 09:07:07.215+0000 [id=16]	WARNING	c.c.j.s.i.c.TcpSlaveAgentListenerMonitor#containsIP: It is not possible to resolve the hostname rsssrs546 check your DNS settings
2019-12-12 09:07:07.216+0000 [id=16]	WARNING	c.c.j.s.i.c.TcpSlaveAgentListenerMonitor#containsIP: It is not possible to resolve the hostname rsssrs546 check your DNS settings
2019-12-12 09:07:13.082+0000 [id=17]	WARNING	c.c.j.s.i.c.TcpSlaveAgentListenerMonitor#containsIP: It is not possible to resolve the hostname rsssrs546 check your DNS settings
2019-12-12 09:07:13.083+0000 [id=17]	WARNING	c.c.j.s.i.c.TcpSlaveAgentListenerMonitor#containsIP: It is not possible to resolve the hostname rsssrs546 check your DNS settings
2019-12-12 09:07:13.084+0000 [id=17]	WARNING	c.c.j.s.i.c.TcpSlaveAgentListenerMonitor#containsIP: It is not possible to resolve the hostname rsssrs546 check your DNS settings
2019-12-12 09:07:13.084+0000 [id=17]	WARNING	c.c.j.s.i.c.TcpSlaveAgentListenerMonitor#containsIP: It is not possible to resolve the hostname rsssrs546 check your DNS settings
2019-12-12 09:07:43.032+0000 [id=133]	INFO	hudson.PluginManager#install: Starting installation of a batch of 2 plugins plus their dependencies
2019-12-12 09:07:43.049+0000 [id=140]	INFO	h.model.UpdateCenter$DownloadJob#run: Starting the installation of matrix-auth on behalf of ravi
2019-12-12 09:07:43.051+0000 [id=140]	INFO	h.m.UpdateCenter$UpdateCenterConfiguration#download: Downloading matrix-auth
2019-12-12 09:07:43.063+0000 [id=140]	INFO	hudson.model.UpdateCenter#verifyChecksums: Attempt to verify a downloaded file (matrix-auth.jpi.tmp) using SHA-512 or SHA-256 failed since your configured update site does not provide either of those checksums. Falling back to SHA-1.
2019-12-12 09:07:43.160+0000 [id=140]	INFO	h.model.UpdateCenter$DownloadJob#run: Installation successful: matrix-auth
2019-12-12 09:07:43.160+0000 [id=140]	WARNING	h.m.UpdateCenter$ConnectionCheckJob#run: Update site 'cap-cloudbees-jenkins-distribution' does not declare the connection check URL. Skipping the network availability check.
2019-12-12 09:07:43.296+0000 [id=140]	INFO	h.model.UpdateCenter$DownloadJob#run: Starting the installation of matrix-combinations-parameter on behalf of ravi
2019-12-12 09:07:43.404+0000 [id=140]	INFO	h.m.UpdateCenter$UpdateCenterConfiguration#download: Downloading matrix-combinations-parameter
2019-12-12 09:07:43.420+0000 [id=140]	INFO	hudson.model.UpdateCenter#verifyChecksums: Attempt to verify a downloaded file (matrix-combinations-parameter.jpi.tmp) using SHA-512 or SHA-256 failed since your configured update site does not provide either of those checksums. Falling back to SHA-1.
2019-12-12 09:07:43.435+0000 [id=17]	WARNING	c.c.j.s.i.c.TcpSlaveAgentListenerMonitor#containsIP: It is not possible to resolve the hostname rsssrs546 check your DNS settings
2019-12-12 09:07:43.436+0000 [id=17]	WARNING	c.c.j.s.i.c.TcpSlaveAgentListenerMonitor#containsIP: It is not possible to resolve the hostname rsssrs546 check your DNS settings
2019-12-12 09:07:43.437+0000 [id=17]	WARNING	c.c.j.s.i.c.TcpSlaveAgentListenerMonitor#containsIP: It is not possible to resolve the hostname rsssrs546 check your DNS settings
2019-12-12 09:07:43.438+0000 [id=17]	WARNING	c.c.j.s.i.c.TcpSlaveAgentListenerMonitor#containsIP: It is not possible to resolve the hostname rsssrs546 check your DNS settings
2019-12-12 09:07:43.467+0000 [id=140]	INFO	h.model.UpdateCenter$DownloadJob#run: Installation successful: matrix-combinations-parameter
2019-12-12 09:07:43.467+0000 [id=140]	INFO	h.m.UpdateCenter$CompleteBatchJob#run: Completing installing of plugin batch…
2019-12-12 09:07:44.325+0000 [id=145]	INFO	jenkins.InitReactorRunner$1#onAttained: Started initialization
2019-12-12 09:07:44.336+0000 [id=146]	INFO	jenkins.InitReactorRunner$1#onAttained: Listed all plugins
2019-12-12 09:07:44.336+0000 [id=146]	INFO	jenkins.InitReactorRunner$1#onAttained: Prepared all plugins
2019-12-12 09:07:44.336+0000 [id=146]	INFO	jenkins.InitReactorRunner$1#onAttained: Started all plugins
2019-12-12 09:07:44.336+0000 [id=146]	INFO	jenkins.InitReactorRunner$1#onAttained: Augmented all extensions
2019-12-12 09:07:44.336+0000 [id=146]	INFO	jenkins.InitReactorRunner$1#onAttained: Loaded all jobs
2019-12-12 09:07:44.337+0000 [id=146]	INFO	jenkins.InitReactorRunner$1#onAttained: Completed initialization
2019-12-12 09:07:44.669+0000 [id=140]	INFO	h.m.UpdateCenter$CompleteBatchJob#run: Completed installation of 2 plugins in 1.6 sec
2019-12-12 09:07:50.445+0000 [id=14]	WARNING	c.c.j.s.i.c.TcpSlaveAgentListenerMonitor#containsIP: It is not possible to resolve the hostname rsssrs546 check your DNS settings
2019-12-12 09:07:50.446+0000 [id=14]	WARNING	c.c.j.s.i.c.TcpSlaveAgentListenerMonitor#containsIP: It is not possible to resolve the hostname rsssrs546 check your DNS settings
2019-12-12 09:07:50.447+0000 [id=14]	WARNING	c.c.j.s.i.c.TcpSlaveAgentListenerMonitor#containsIP: It is not possible to resolve the hostname rsssrs546 check your DNS settings
2019-12-12 09:07:50.447+0000 [id=14]	WARNING	c.c.j.s.i.c.TcpSlaveAgentListenerMonitor#containsIP: It is not possible to resolve the hostname rsssrs546 check your DNS settings
2019-12-12 09:07:53.504+0000 [id=133]	WARNING	c.c.j.s.i.c.TcpSlaveAgentListenerMonitor#containsIP: It is not possible to resolve the hostname rsssrs546 check your DNS settings
2019-12-12 09:07:53.505+0000 [id=133]	WARNING	c.c.j.s.i.c.TcpSlaveAgentListenerMonitor#containsIP: It is not possible to resolve the hostname rsssrs546 check your DNS settings
2019-12-12 09:07:53.506+0000 [id=133]	WARNING	c.c.j.s.i.c.TcpSlaveAgentListenerMonitor#containsIP: It is not possible to resolve the hostname rsssrs546 check your DNS settings
2019-12-12 09:07:53.507+0000 [id=133]	WARNING	c.c.j.s.i.c.TcpSlaveAgentListenerMonitor#containsIP: It is not possible to resolve the hostname rsssrs546 check your DNS settings
2019-12-12 09:07:56.618+0000 [id=13]	WARNING	c.c.j.s.i.c.TcpSlaveAgentListenerMonitor#containsIP: It is not possible to resolve the hostname rsssrs546 check your DNS settings
2019-12-12 09:07:56.619+0000 [id=13]	WARNING	c.c.j.s.i.c.TcpSlaveAgentListenerMonitor#containsIP: It is not possible to resolve the hostname rsssrs546 check your DNS settings
2019-12-12 09:07:56.619+0000 [id=13]	WARNING	c.c.j.s.i.c.TcpSlaveAgentListenerMonitor#containsIP: It is not possible to resolve the hostname rsssrs546 check your DNS settings
2019-12-12 09:07:56.636+0000 [id=13]	WARNING	c.c.j.s.i.c.TcpSlaveAgentListenerMonitor#containsIP: It is not possible to resolve the hostname rsssrs546 check your DNS settings
2019-12-12 09:08:01.401+0000 [id=15]	WARNING	c.c.j.s.i.c.TcpSlaveAgentListenerMonitor#containsIP: It is not possible to resolve the hostname rsssrs546 check your DNS settings
2019-12-12 09:08:01.402+0000 [id=15]	WARNING	c.c.j.s.i.c.TcpSlaveAgentListenerMonitor#containsIP: It is not possible to resolve the hostname rsssrs546 check your DNS settings
2019-12-12 09:08:01.402+0000 [id=15]	WARNING	c.c.j.s.i.c.TcpSlaveAgentListenerMonitor#containsIP: It is not possible to resolve the hostname rsssrs546 check your DNS settings
2019-12-12 09:08:01.403+0000 [id=15]	WARNING	c.c.j.s.i.c.TcpSlaveAgentListenerMonitor#containsIP: It is not possible to resolve the hostname rsssrs546 check your DNS settings
2019-12-12 09:08:05.651+0000 [id=14]	WARNING	c.c.j.s.i.c.TcpSlaveAgentListenerMonitor#containsIP: It is not possible to resolve the hostname rsssrs546 check your DNS settings
2019-12-12 09:08:05.652+0000 [id=14]	WARNING	c.c.j.s.i.c.TcpSlaveAgentListenerMonitor#containsIP: It is not possible to resolve the hostname rsssrs546 check your DNS settings
2019-12-12 09:08:05.653+0000 [id=14]	WARNING	c.c.j.s.i.c.TcpSlaveAgentListenerMonitor#containsIP: It is not possible to resolve the hostname rsssrs546 check your DNS settings
2019-12-12 09:08:05.653+0000 [id=14]	WARNING	c.c.j.s.i.c.TcpSlaveAgentListenerMonitor#containsIP: It is not possible to resolve the hostname rsssrs546 check your DNS settings
2019-12-12 09:09:56.634+0000 [id=133]	WARNING	c.c.j.s.i.c.TcpSlaveAgentListenerMonitor#containsIP: It is not possible to resolve the hostname rsssrs546 check your DNS settings
2019-12-12 09:09:56.635+0000 [id=133]	WARNING	c.c.j.s.i.c.TcpSlaveAgentListenerMonitor#containsIP: It is not possible to resolve the hostname rsssrs546 check your DNS settings
2019-12-12 09:09:56.635+0000 [id=133]	WARNING	c.c.j.s.i.c.TcpSlaveAgentListenerMonitor#containsIP: It is not possible to resolve the hostname rsssrs546 check your DNS settings
2019-12-12 09:09:56.636+0000 [id=133]	WARNING	c.c.j.s.i.c.TcpSlaveAgentListenerMonitor#containsIP: It is not possible to resolve the hostname rsssrs546 check your DNS settings
2019-12-12 09:10:00.592+0000 [id=16]	WARNING	c.c.j.s.i.c.TcpSlaveAgentListenerMonitor#containsIP: It is not possible to resolve the hostname rsssrs546 check your DNS settings
2019-12-12 09:10:00.593+0000 [id=16]	WARNING	c.c.j.s.i.c.TcpSlaveAgentListenerMonitor#containsIP: It is not possible to resolve the hostname rsssrs546 check your DNS settings
2019-12-12 09:10:00.594+0000 [id=16]	WARNING	c.c.j.s.i.c.TcpSlaveAgentListenerMonitor#containsIP: It is not possible to resolve the hostname rsssrs546 check your DNS settings
2019-12-12 09:10:00.595+0000 [id=16]	WARNING	c.c.j.s.i.c.TcpSlaveAgentListenerMonitor#containsIP: It is not possible to resolve the hostname rsssrs546 check your DNS settings
2019-12-12 09:10:02.733+0000 [id=14]	WARNING	c.c.j.s.i.c.TcpSlaveAgentListenerMonitor#containsIP: It is not possible to resolve the hostname rsssrs546 check your DNS settings
2019-12-12 09:10:15.560+0000 [id=13]	WARNING	c.c.j.s.i.c.TcpSlaveAgentListenerMonitor#containsIP: It is not possible to resolve the hostname rsssrs546 check your DNS settings
2019-12-12 09:10:15.561+0000 [id=13]	WARNING	c.c.j.s.i.c.TcpSlaveAgentListenerMonitor#containsIP: It is not possible to resolve the hostname rsssrs546 check your DNS settings
2019-12-12 09:10:15.562+0000 [id=13]	WARNING	c.c.j.s.i.c.TcpSlaveAgentListenerMonitor#containsIP: It is not possible to resolve the hostname rsssrs546 check your DNS settings
2019-12-12 09:10:15.563+0000 [id=13]	WARNING	c.c.j.s.i.c.TcpSlaveAgentListenerMonitor#containsIP: It is not possible to resolve the hostname rsssrs546 check your DNS settings
2019-12-12 09:11:53.796+0000 [id=32]	INFO	hudson.slaves.SlaveComputer#tryReconnect: Attempting to reconnect test
2019-12-12 09:12:43.446+0000 [id=133]	WARNING	c.c.j.s.i.c.TcpSlaveAgentListenerMonitor#containsIP: It is not possible to resolve the hostname rsssrs546 check your DNS settings
2019-12-12 09:12:43.448+0000 [id=133]	WARNING	c.c.j.s.i.c.TcpSlaveAgentListenerMonitor#containsIP: It is not possible to resolve the hostname rsssrs546 check your DNS settings
2019-12-12 09:12:43.448+0000 [id=133]	WARNING	c.c.j.s.i.c.TcpSlaveAgentListenerMonitor#containsIP: It is not possible to resolve the hostname rsssrs546 check your DNS settings
2019-12-12 09:12:43.449+0000 [id=133]	WARNING	c.c.j.s.i.c.TcpSlaveAgentListenerMonitor#containsIP: It is not possible to resolve the hostname rsssrs546 check your DNS settings
2019-12-12 09:12:46.603+0000 [id=14]	WARNING	c.c.j.s.i.c.TcpSlaveAgentListenerMonitor#containsIP: It is not possible to resolve the hostname rsssrs546 check your DNS settings
2019-12-12 09:12:53.220+0000 [id=13]	WARNING	c.c.j.s.i.c.TcpSlaveAgentListenerMonitor#containsIP: It is not possible to resolve the hostname rsssrs546 check your DNS settings
2019-12-12 09:12:53.220+0000 [id=13]	WARNING	c.c.j.s.i.c.TcpSlaveAgentListenerMonitor#containsIP: It is not possible to resolve the hostname rsssrs546 check your DNS settings
2019-12-12 09:12:53.221+0000 [id=13]	WARNING	c.c.j.s.i.c.TcpSlaveAgentListenerMonitor#containsIP: It is not possible to resolve the hostname rsssrs546 check your DNS settings
2019-12-12 09:12:53.222+0000 [id=13]	WARNING	c.c.j.s.i.c.TcpSlaveAgentListenerMonitor#containsIP: It is not possible to resolve the hostname rsssrs546 check your DNS settings
2019-12-12 09:13:04.622+0000 [id=14]	WARNING	c.c.j.s.i.c.TcpSlaveAgentListenerMonitor#containsIP: It is not possible to resolve the hostname rsssrs546 check your DNS settings
2019-12-12 09:13:04.623+0000 [id=14]	WARNING	c.c.j.s.i.c.TcpSlaveAgentListenerMonitor#containsIP: It is not possible to resolve the hostname rsssrs546 check your DNS settings
2019-12-12 09:13:04.624+0000 [id=14]	WARNING	c.c.j.s.i.c.TcpSlaveAgentListenerMonitor#containsIP: It is not possible to resolve the hostname rsssrs546 check your DNS settings
2019-12-12 09:13:04.624+0000 [id=14]	WARNING	c.c.j.s.i.c.TcpSlaveAgentListenerMonitor#containsIP: It is not possible to resolve the hostname rsssrs546 check your DNS settings
2019-12-12 09:13:50.792+0000 [id=133]	WARNING	c.c.j.s.i.c.TcpSlaveAgentListenerMonitor#containsIP: It is not possible to resolve the hostname rsssrs546 check your DNS settings
2019-12-12 09:13:50.793+0000 [id=133]	WARNING	c.c.j.s.i.c.TcpSlaveAgentListenerMonitor#containsIP: It is not possible to resolve the hostname rsssrs546 check your DNS settings
2019-12-12 09:13:50.794+0000 [id=133]	WARNING	c.c.j.s.i.c.TcpSlaveAgentListenerMonitor#containsIP: It is not possible to resolve the hostname rsssrs546 check your DNS settings
2019-12-12 09:13:50.794+0000 [id=133]	WARNING	c.c.j.s.i.c.TcpSlaveAgentListenerMonitor#containsIP: It is not possible to resolve the hostname rsssrs546 check your DNS settings
2019-12-12 09:13:55.371+0000 [id=17]	WARNING	c.c.j.s.i.c.TcpSlaveAgentListenerMonitor#containsIP: It is not possible to resolve the hostname rsssrs546 check your DNS settings
2019-12-12 09:13:55.371+0000 [id=17]	WARNING	c.c.j.s.i.c.TcpSlaveAgentListenerMonitor#containsIP: It is not possible to resolve the hostname rsssrs546 check your DNS settings
2019-12-12 09:13:55.372+0000 [id=17]	WARNING	c.c.j.s.i.c.TcpSlaveAgentListenerMonitor#containsIP: It is not possible to resolve the hostname rsssrs546 check your DNS settings
2019-12-12 09:13:55.373+0000 [id=17]	WARNING	c.c.j.s.i.c.TcpSlaveAgentListenerMonitor#containsIP: It is not possible to resolve the hostname rsssrs546 check your DNS settings
2019-12-12 09:13:57.651+0000 [id=14]	WARNING	c.c.j.s.i.c.TcpSlaveAgentListenerMonitor#containsIP: It is not possible to resolve the hostname rsssrs546 check your DNS settings
2019-12-12 09:13:57.652+0000 [id=14]	WARNING	c.c.j.s.i.c.TcpSlaveAgentListenerMonitor#containsIP: It is not possible to resolve the hostname rsssrs546 check your DNS settings
2019-12-12 09:13:57.652+0000 [id=14]	WARNING	c.c.j.s.i.c.TcpSlaveAgentListenerMonitor#containsIP: It is not possible to resolve the hostname rsssrs546 check your DNS settings
2019-12-12 09:13:57.653+0000 [id=14]	WARNING	c.c.j.s.i.c.TcpSlaveAgentListenerMonitor#containsIP: It is not possible to resolve the hostname rsssrs546 check your DNS settings
2019-12-12 09:14:00.148+0000 [id=16]	WARNING	c.c.j.s.i.c.TcpSlaveAgentListenerMonitor#containsIP: It is not possible to resolve the hostname rsssrs546 check your DNS settings
2019-12-12 09:14:00.149+0000 [id=16]	WARNING	c.c.j.s.i.c.TcpSlaveAgentListenerMonitor#containsIP: It is not possible to resolve the hostname rsssrs546 check your DNS settings
2019-12-12 09:14:00.150+0000 [id=16]	WARNING	c.c.j.s.i.c.TcpSlaveAgentListenerMonitor#containsIP: It is not possible to resolve the hostname rsssrs546 check your DNS settings
2019-12-12 09:14:00.150+0000 [id=16]	WARNING	c.c.j.s.i.c.TcpSlaveAgentListenerMonitor#containsIP: It is not possible to resolve the hostname rsssrs546 check your DNS settings
2019-12-12 09:14:03.518+0000 [id=10]	WARNING	c.c.j.s.i.c.TcpSlaveAgentListenerMonitor#containsIP: It is not possible to resolve the hostname rsssrs546 check your DNS settings
2019-12-12 09:14:03.519+0000 [id=10]	WARNING	c.c.j.s.i.c.TcpSlaveAgentListenerMonitor#containsIP: It is not possible to resolve the hostname rsssrs546 check your DNS settings
2019-12-12 09:14:03.520+0000 [id=10]	WARNING	c.c.j.s.i.c.TcpSlaveAgentListenerMonitor#containsIP: It is not possible to resolve the hostname rsssrs546 check your DNS settings
2019-12-12 09:14:03.520+0000 [id=10]	WARNING	c.c.j.s.i.c.TcpSlaveAgentListenerMonitor#containsIP: It is not possible to resolve the hostname rsssrs546 check your DNS settings
2019-12-12 09:14:20.006+0000 [id=133]	WARNING	c.c.j.s.i.c.TcpSlaveAgentListenerMonitor#containsIP: It is not possible to resolve the hostname rsssrs546 check your DNS settings
2019-12-12 09:14:20.007+0000 [id=133]	WARNING	c.c.j.s.i.c.TcpSlaveAgentListenerMonitor#containsIP: It is not possible to resolve the hostname rsssrs546 check your DNS settings
2019-12-12 09:14:20.008+0000 [id=133]	WARNING	c.c.j.s.i.c.TcpSlaveAgentListenerMonitor#containsIP: It is not possible to resolve the hostname rsssrs546 check your DNS settings
2019-12-12 09:14:20.008+0000 [id=133]	WARNING	c.c.j.s.i.c.TcpSlaveAgentListenerMonitor#containsIP: It is not possible to resolve the hostname rsssrs546 check your DNS settings
2019-12-12 09:17:47.035+0000 [id=202]	INFO	hudson.model.AsyncPeriodicWork$1#run: Started Fingerprint cleanup
2019-12-12 09:17:47.051+0000 [id=202]	INFO	hudson.model.AsyncPeriodicWork$1#run: Finished Fingerprint cleanup. 16 ms
2019-12-12 09:17:53.796+0000 [id=29]	INFO	hudson.slaves.SlaveComputer#tryReconnect: Attempting to reconnect test
2019-12-12 09:23:53.796+0000 [id=33]	INFO	hudson.slaves.SlaveComputer#tryReconnect: Attempting to reconnect test
2019-12-12 09:29:41.430+0000 [id=271]	INFO	hudson.model.AsyncPeriodicWork$1#run: Started Bundle Upload
2019-12-12 09:29:41.431+0000 [id=271]	INFO	c.c.j.p.advisor.BundleUpload#log: Invalid configuration. Skipping bundle upload.
2019-12-12 09:29:41.436+0000 [id=271]	INFO	hudson.model.AsyncPeriodicWork$1#run: Finished Bundle Upload. 4 ms
2019-12-12 09:41:53.796+0000 [id=37]	INFO	hudson.slaves.SlaveComputer#tryReconnect: Attempting to reconnect test
2019-12-12 10:02:56.720+0000 [id=452]	WARNING	c.c.j.s.i.c.TcpSlaveAgentListenerMonitor#containsIP: It is not possible to resolve the hostname rsssrs546 check your DNS settings
2019-12-12 10:09:53.796+0000 [id=31]	INFO	hudson.slaves.SlaveComputer#tryReconnect: Attempting to reconnect test
2019-12-12 10:37:53.796+0000 [id=36]	INFO	hudson.slaves.SlaveComputer#tryReconnect: Attempting to reconnect test
2019-12-12 11:03:11.565+0000 [id=770]	WARNING	c.c.j.s.i.c.TcpSlaveAgentListenerMonitor#containsIP: It is not possible to resolve the hostname rsssrs546 check your DNS settings
